<?xml version="1.0" encoding="UTF-8"?>
<testsuite name="com.exam.ExamApplicationTests" tests="1" skipped="0" failures="0" errors="0" timestamp="2023-12-19T17:59:19" hostname="DESKTOP-USLNI00" time="0.303">
  <properties/>
  <testcase name="contextLoads()" classname="com.exam.ExamApplicationTests" time="0.303"/>
  <system-out><![CDATA[19:59:11.082 [Test worker] INFO org.springframework.test.context.support.AnnotationConfigContextLoaderUtils -- Could not detect default configuration classes for test class [com.exam.ExamApplicationTests]: ExamApplicationTests does not declare any static, non-private, non-final, nested classes annotated with @Configuration.
19:59:11.227 [Test worker] INFO org.springframework.boot.test.context.SpringBootTestContextBootstrapper -- Found @SpringBootConfiguration com.exam.ExamApplication for test class com.exam.ExamApplicationTests

  .   ____          _            __ _ _
 /\\ / ___'_ __ _ _(_)_ __  __ _ \ \ \ \
( ( )\___ | '_ | '_| | '_ \/ _` | \ \ \ \
 \\/  ___)| |_)| | | | | || (_| |  ) ) ) )
  '  |____| .__|_| |_|_| |_\__, | / / / /
 =========|_|==============|___/=/_/_/_/
 :: Spring Boot ::                (v3.1.5)

2023-12-19T19:59:11.905+02:00  INFO 16888 --- [    Test worker] com.exam.ExamApplicationTests            : Starting ExamApplicationTests using Java 17.0.6 with PID 16888 (started by adifi in E:\HOME\ELECTRO\Exam)
2023-12-19T19:59:11.908+02:00  INFO 16888 --- [    Test worker] com.exam.ExamApplicationTests            : No active profile set, falling back to 1 default profile: "default"
2023-12-19T19:59:12.982+02:00  INFO 16888 --- [    Test worker] .s.d.r.c.RepositoryConfigurationDelegate : Bootstrapping Spring Data JPA repositories in DEFAULT mode.
2023-12-19T19:59:13.092+02:00  INFO 16888 --- [    Test worker] .s.d.r.c.RepositoryConfigurationDelegate : Finished Spring Data repository scanning in 95 ms. Found 4 JPA repository interfaces.
2023-12-19T19:59:13.951+02:00  INFO 16888 --- [    Test worker] com.zaxxer.hikari.HikariDataSource       : HikariPool-1 - Starting...
2023-12-19T19:59:14.310+02:00  INFO 16888 --- [    Test worker] com.zaxxer.hikari.pool.HikariPool        : HikariPool-1 - Added connection org.postgresql.jdbc.PgConnection@37d28938
2023-12-19T19:59:14.312+02:00  INFO 16888 --- [    Test worker] com.zaxxer.hikari.HikariDataSource       : HikariPool-1 - Start completed.
2023-12-19T19:59:14.400+02:00  INFO 16888 --- [    Test worker] o.hibernate.jpa.internal.util.LogHelper  : HHH000204: Processing PersistenceUnitInfo [name: default]
2023-12-19T19:59:14.500+02:00  INFO 16888 --- [    Test worker] org.hibernate.Version                    : HHH000412: Hibernate ORM core version 6.2.13.Final
2023-12-19T19:59:14.505+02:00  INFO 16888 --- [    Test worker] org.hibernate.cfg.Environment            : HHH000406: Using bytecode reflection optimizer
2023-12-19T19:59:15.067+02:00  INFO 16888 --- [    Test worker] o.s.o.j.p.SpringPersistenceUnitInfo      : No LoadTimeWeaver setup: ignoring JPA class transformer
2023-12-19T19:59:16.642+02:00  INFO 16888 --- [    Test worker] o.h.e.t.j.p.i.JtaPlatformInitiator       : HHH000489: No JTA platform available (set 'hibernate.transaction.jta.platform' to enable JTA platform integration)
2023-12-19T19:59:16.646+02:00  INFO 16888 --- [    Test worker] j.LocalContainerEntityManagerFactoryBean : Initialized JPA EntityManagerFactory for persistence unit 'default'
2023-12-19T19:59:17.273+02:00  INFO 16888 --- [    Test worker] o.s.d.j.r.query.QueryEnhancerFactory     : Hibernate is in classpath; If applicable, HQL parser will be used.
2023-12-19T19:59:18.551+02:00  WARN 16888 --- [    Test worker] JpaBaseConfiguration$JpaWebConfiguration : spring.jpa.open-in-view is enabled by default. Therefore, database queries may be performed during view rendering. Explicitly configure spring.jpa.open-in-view to disable this warning
2023-12-19T19:59:18.598+02:00  WARN 16888 --- [    Test worker] .s.s.UserDetailsServiceAutoConfiguration : 

Using generated security password: 94b62c63-ee47-444e-a8b5-e45774f49aac

This generated password is for development use only. Your security configuration must be updated before running your application in production.

2023-12-19T19:59:18.833+02:00  INFO 16888 --- [    Test worker] o.s.s.web.DefaultSecurityFilterChain     : Will secure any request with [org.springframework.security.web.session.DisableEncodeUrlFilter@14432052, org.springframework.security.web.context.request.async.WebAsyncManagerIntegrationFilter@7f6c85c4, org.springframework.security.web.context.SecurityContextHolderFilter@6f2a13c7, org.springframework.security.web.header.HeaderWriterFilter@3e1ba156, org.springframework.web.filter.CorsFilter@319c77de, org.springframework.security.web.authentication.logout.LogoutFilter@7a1148f2, org.springframework.security.web.authentication.www.BasicAuthenticationFilter@55a46bf3, org.springframework.security.web.savedrequest.RequestCacheAwareFilter@61cf142f, org.springframework.security.web.servletapi.SecurityContextHolderAwareRequestFilter@5c902a83, org.springframework.security.web.authentication.AnonymousAuthenticationFilter@12dcfa6a, org.springframework.security.web.access.ExceptionTranslationFilter@751eb9a9, org.springframework.security.web.access.intercept.AuthorizationFilter@74f6237]
2023-12-19T19:59:19.424+02:00  INFO 16888 --- [    Test worker] o.s.b.a.w.s.WelcomePageHandlerMapping    : Adding welcome page template: index
2023-12-19T19:59:19.955+02:00  INFO 16888 --- [    Test worker] com.exam.ExamApplicationTests            : Started ExamApplicationTests in 8.465 seconds (process running for 10.31)
]]></system-out>
  <system-err><![CDATA[]]></system-err>
</testsuite>
