<?xml version="1.0" encoding="UTF-8"?>
<testsuite name="com.exam.ExamApplicationTests" tests="1" skipped="0" failures="0" errors="0" timestamp="2023-12-19T18:31:02" hostname="DESKTOP-USLNI00" time="0.326">
  <properties/>
  <testcase name="contextLoads()" classname="com.exam.ExamApplicationTests" time="0.326"/>
  <system-out><![CDATA[20:30:53.037 [Test worker] INFO org.springframework.test.context.support.AnnotationConfigContextLoaderUtils -- Could not detect default configuration classes for test class [com.exam.ExamApplicationTests]: ExamApplicationTests does not declare any static, non-private, non-final, nested classes annotated with @Configuration.
20:30:53.201 [Test worker] INFO org.springframework.boot.test.context.SpringBootTestContextBootstrapper -- Found @SpringBootConfiguration com.exam.ExamApplication for test class com.exam.ExamApplicationTests

  .   ____          _            __ _ _
 /\\ / ___'_ __ _ _(_)_ __  __ _ \ \ \ \
( ( )\___ | '_ | '_| | '_ \/ _` | \ \ \ \
 \\/  ___)| |_)| | | | | || (_| |  ) ) ) )
  '  |____| .__|_| |_|_| |_\__, | / / / /
 =========|_|==============|___/=/_/_/_/
 :: Spring Boot ::                (v3.1.5)

2023-12-19T20:30:53.896+02:00  INFO 20212 --- [    Test worker] com.exam.ExamApplicationTests            : Starting ExamApplicationTests using Java 17.0.6 with PID 20212 (started by adifi in E:\HOME\ELECTRO\Exam)
2023-12-19T20:30:53.898+02:00  INFO 20212 --- [    Test worker] com.exam.ExamApplicationTests            : No active profile set, falling back to 1 default profile: "default"
2023-12-19T20:30:55.006+02:00  INFO 20212 --- [    Test worker] .s.d.r.c.RepositoryConfigurationDelegate : Bootstrapping Spring Data JPA repositories in DEFAULT mode.
2023-12-19T20:30:55.108+02:00  INFO 20212 --- [    Test worker] .s.d.r.c.RepositoryConfigurationDelegate : Finished Spring Data repository scanning in 89 ms. Found 4 JPA repository interfaces.
2023-12-19T20:30:55.988+02:00  INFO 20212 --- [    Test worker] o.hibernate.jpa.internal.util.LogHelper  : HHH000204: Processing PersistenceUnitInfo [name: default]
2023-12-19T20:30:56.085+02:00  INFO 20212 --- [    Test worker] org.hibernate.Version                    : HHH000412: Hibernate ORM core version 6.2.13.Final
2023-12-19T20:30:56.089+02:00  INFO 20212 --- [    Test worker] org.hibernate.cfg.Environment            : HHH000406: Using bytecode reflection optimizer
2023-12-19T20:30:56.531+02:00  INFO 20212 --- [    Test worker] o.s.o.j.p.SpringPersistenceUnitInfo      : No LoadTimeWeaver setup: ignoring JPA class transformer
2023-12-19T20:30:56.583+02:00  INFO 20212 --- [    Test worker] com.zaxxer.hikari.HikariDataSource       : HikariPool-1 - Starting...
2023-12-19T20:30:56.973+02:00  INFO 20212 --- [    Test worker] com.zaxxer.hikari.pool.HikariPool        : HikariPool-1 - Added connection org.postgresql.jdbc.PgConnection@4070ace9
2023-12-19T20:30:56.976+02:00  INFO 20212 --- [    Test worker] com.zaxxer.hikari.HikariDataSource       : HikariPool-1 - Start completed.
2023-12-19T20:30:57.033+02:00  WARN 20212 --- [    Test worker] org.hibernate.orm.deprecation            : HHH90000025: PostgreSQLDialect does not need to be specified explicitly using 'hibernate.dialect' (remove the property setting and it will be selected by default)
2023-12-19T20:30:58.532+02:00  INFO 20212 --- [    Test worker] o.h.e.t.j.p.i.JtaPlatformInitiator       : HHH000489: No JTA platform available (set 'hibernate.transaction.jta.platform' to enable JTA platform integration)
2023-12-19T20:30:58.947+02:00  INFO 20212 --- [    Test worker] j.LocalContainerEntityManagerFactoryBean : Initialized JPA EntityManagerFactory for persistence unit 'default'
2023-12-19T20:30:59.569+02:00  INFO 20212 --- [    Test worker] o.s.d.j.r.query.QueryEnhancerFactory     : Hibernate is in classpath; If applicable, HQL parser will be used.
2023-12-19T20:31:00.841+02:00  WARN 20212 --- [    Test worker] JpaBaseConfiguration$JpaWebConfiguration : spring.jpa.open-in-view is enabled by default. Therefore, database queries may be performed during view rendering. Explicitly configure spring.jpa.open-in-view to disable this warning
2023-12-19T20:31:00.900+02:00  WARN 20212 --- [    Test worker] .s.s.UserDetailsServiceAutoConfiguration : 

Using generated security password: 50239f3f-e3d8-442f-9ac1-1e24339b1757

This generated password is for development use only. Your security configuration must be updated before running your application in production.

2023-12-19T20:31:01.242+02:00  INFO 20212 --- [    Test worker] o.s.s.web.DefaultSecurityFilterChain     : Will secure any request with [org.springframework.security.web.session.DisableEncodeUrlFilter@1fd1deed, org.springframework.security.web.context.request.async.WebAsyncManagerIntegrationFilter@814b60b, org.springframework.security.web.context.SecurityContextHolderFilter@7dfbdcfe, org.springframework.security.web.header.HeaderWriterFilter@113a7d12, org.springframework.web.filter.CorsFilter@515a897c, org.springframework.security.web.authentication.logout.LogoutFilter@3b6b9981, org.springframework.security.web.authentication.www.BasicAuthenticationFilter@99e03a9, org.springframework.security.web.savedrequest.RequestCacheAwareFilter@1f6c0e8a, org.springframework.security.web.servletapi.SecurityContextHolderAwareRequestFilter@14fed48e, org.springframework.security.web.authentication.AnonymousAuthenticationFilter@197d6cc9, org.springframework.security.web.access.ExceptionTranslationFilter@70d4c4ff, org.springframework.security.web.access.intercept.AuthorizationFilter@6d5376b7]
2023-12-19T20:31:01.879+02:00  INFO 20212 --- [    Test worker] o.s.b.a.w.s.WelcomePageHandlerMapping    : Adding welcome page template: index
2023-12-19T20:31:02.382+02:00  INFO 20212 --- [    Test worker] com.exam.ExamApplicationTests            : Started ExamApplicationTests in 8.928 seconds (process running for 10.724)
]]></system-out>
  <system-err><![CDATA[]]></system-err>
</testsuite>
