<?xml version="1.0" encoding="UTF-8"?>
<testsuite name="com.exam.ExamApplicationTests" tests="1" skipped="0" failures="0" errors="0" timestamp="2023-11-20T15:45:23" hostname="DESKTOP-USLNI00" time="0.244">
  <properties/>
  <testcase name="contextLoads()" classname="com.exam.ExamApplicationTests" time="0.244"/>
  <system-out><![CDATA[17:45:14.335 [Test worker] INFO org.springframework.test.context.support.AnnotationConfigContextLoaderUtils -- Could not detect default configuration classes for test class [com.exam.ExamApplicationTests]: ExamApplicationTests does not declare any static, non-private, non-final, nested classes annotated with @Configuration.
17:45:14.486 [Test worker] INFO org.springframework.boot.test.context.SpringBootTestContextBootstrapper -- Found @SpringBootConfiguration com.exam.ExamApplication for test class com.exam.ExamApplicationTests

  .   ____          _            __ _ _
 /\\ / ___'_ __ _ _(_)_ __  __ _ \ \ \ \
( ( )\___ | '_ | '_| | '_ \/ _` | \ \ \ \
 \\/  ___)| |_)| | | | | || (_| |  ) ) ) )
  '  |____| .__|_| |_|_| |_\__, | / / / /
 =========|_|==============|___/=/_/_/_/
 :: Spring Boot ::                (v3.1.5)

2023-11-20T17:45:15.184+02:00  INFO 2828 --- [    Test worker] com.exam.ExamApplicationTests            : Starting ExamApplicationTests using Java 17.0.6 with PID 2828 (started by adifi in E:\HOME\ELECTRO\Exam)
2023-11-20T17:45:15.186+02:00  INFO 2828 --- [    Test worker] com.exam.ExamApplicationTests            : No active profile set, falling back to 1 default profile: "default"
2023-11-20T17:45:16.194+02:00  INFO 2828 --- [    Test worker] .s.d.r.c.RepositoryConfigurationDelegate : Bootstrapping Spring Data JPA repositories in DEFAULT mode.
2023-11-20T17:45:16.296+02:00  INFO 2828 --- [    Test worker] .s.d.r.c.RepositoryConfigurationDelegate : Finished Spring Data repository scanning in 90 ms. Found 4 JPA repository interfaces.
2023-11-20T17:45:17.118+02:00  INFO 2828 --- [    Test worker] o.hibernate.jpa.internal.util.LogHelper  : HHH000204: Processing PersistenceUnitInfo [name: default]
2023-11-20T17:45:17.215+02:00  INFO 2828 --- [    Test worker] org.hibernate.Version                    : HHH000412: Hibernate ORM core version 6.2.13.Final
2023-11-20T17:45:17.219+02:00  INFO 2828 --- [    Test worker] org.hibernate.cfg.Environment            : HHH000406: Using bytecode reflection optimizer
2023-11-20T17:45:17.711+02:00  INFO 2828 --- [    Test worker] o.s.o.j.p.SpringPersistenceUnitInfo      : No LoadTimeWeaver setup: ignoring JPA class transformer
2023-11-20T17:45:17.751+02:00  INFO 2828 --- [    Test worker] com.zaxxer.hikari.HikariDataSource       : HikariPool-1 - Starting...
2023-11-20T17:45:18.243+02:00  INFO 2828 --- [    Test worker] com.zaxxer.hikari.pool.HikariPool        : HikariPool-1 - Added connection org.postgresql.jdbc.PgConnection@7769d9b6
2023-11-20T17:45:18.246+02:00  INFO 2828 --- [    Test worker] com.zaxxer.hikari.HikariDataSource       : HikariPool-1 - Start completed.
2023-11-20T17:45:18.309+02:00  WARN 2828 --- [    Test worker] org.hibernate.orm.deprecation            : HHH90000025: PostgreSQLDialect does not need to be specified explicitly using 'hibernate.dialect' (remove the property setting and it will be selected by default)
2023-11-20T17:45:19.860+02:00  INFO 2828 --- [    Test worker] o.h.e.t.j.p.i.JtaPlatformInitiator       : HHH000489: No JTA platform available (set 'hibernate.transaction.jta.platform' to enable JTA platform integration)
2023-11-20T17:45:20.237+02:00  INFO 2828 --- [    Test worker] j.LocalContainerEntityManagerFactoryBean : Initialized JPA EntityManagerFactory for persistence unit 'default'
2023-11-20T17:45:20.778+02:00  INFO 2828 --- [    Test worker] o.s.d.j.r.query.QueryEnhancerFactory     : Hibernate is in classpath; If applicable, HQL parser will be used.
2023-11-20T17:45:21.922+02:00  WARN 2828 --- [    Test worker] JpaBaseConfiguration$JpaWebConfiguration : spring.jpa.open-in-view is enabled by default. Therefore, database queries may be performed during view rendering. Explicitly configure spring.jpa.open-in-view to disable this warning
2023-11-20T17:45:21.969+02:00  WARN 2828 --- [    Test worker] .s.s.UserDetailsServiceAutoConfiguration : 

Using generated security password: 7f24fd89-de80-4161-869c-620b9eb79553

This generated password is for development use only. Your security configuration must be updated before running your application in production.

2023-11-20T17:45:22.172+02:00  INFO 2828 --- [    Test worker] o.s.s.web.DefaultSecurityFilterChain     : Will secure any request with [org.springframework.security.web.session.DisableEncodeUrlFilter@1a2bcce1, org.springframework.security.web.context.request.async.WebAsyncManagerIntegrationFilter@d4594a8, org.springframework.security.web.context.SecurityContextHolderFilter@3f46fb53, org.springframework.security.web.header.HeaderWriterFilter@5225f612, org.springframework.web.filter.CorsFilter@78002333, org.springframework.security.web.authentication.logout.LogoutFilter@5b115d71, org.springframework.security.web.authentication.www.BasicAuthenticationFilter@43baf0b9, org.springframework.security.web.savedrequest.RequestCacheAwareFilter@5e16e521, org.springframework.security.web.servletapi.SecurityContextHolderAwareRequestFilter@5930a229, org.springframework.security.web.authentication.AnonymousAuthenticationFilter@2dba6013, org.springframework.security.web.access.ExceptionTranslationFilter@43aa9ccd, org.springframework.security.web.access.intercept.AuthorizationFilter@1d9db780]
2023-11-20T17:45:22.699+02:00  INFO 2828 --- [    Test worker] o.s.b.a.w.s.WelcomePageHandlerMapping    : Adding welcome page template: index
2023-11-20T17:45:23.069+02:00  INFO 2828 --- [    Test worker] com.exam.ExamApplicationTests            : Started ExamApplicationTests in 8.268 seconds (process running for 10.004)
]]></system-out>
  <system-err><![CDATA[]]></system-err>
</testsuite>
